<component name="libraryTable">
  <library name="junit-4.8.11">
    <CLASSES>
      <root url="jar://$PROJECT_DIR$/libs/junit/junit-4.11.jar!/" />
    </CLASSES>
    <JAVADOC />
    <SOURCES />
  </library>
</component>